<?xml version="1.0" encoding="UTF-8"?>
<!-- Generated by org.testng.reporters.JUnitReportReporter -->
<testsuite skipped="0" hostname="JDGMOON" name="com.cts.testcase.AtmBankSearch" tests="3" failures="0" timestamp="16 Jul 2018 19:39:17 GMT" time="4.820" errors="0">
  <testcase name="logout" time="3.489" classname="com.cts.testcase.AtmBankSearch"/>
  <testcase name="launchWebsite" time="0.091" classname="com.cts.testcase.AtmBankSearch"/>
  <testcase name="login" time="1.240" classname="com.cts.testcase.AtmBankSearch"/>
</testsuite> <!-- com.cts.testcase.AtmBankSearch -->
