<?xml version="1.0" encoding="UTF-8"?>
<!-- Generated by org.testng.reporters.JUnitReportReporter -->
<testsuite skipped="0" hostname="JDGMOON" name="com.cts.testcase.AtmBankSearch" tests="4" failures="0" timestamp="21 Jul 2018 07:55:39 GMT" time="7.060" errors="0">
  <testcase name="launchWebsite" time="0.091" classname="com.cts.testcase.AtmBankSearch"/>
  <testcase name="login" time="0.924" classname="com.cts.testcase.AtmBankSearch"/>
  <testcase name="locateAtm" time="2.506" classname="com.cts.testcase.AtmBankSearch"/>
  <testcase name="logout" time="3.539" classname="com.cts.testcase.AtmBankSearch"/>
</testsuite> <!-- com.cts.testcase.AtmBankSearch -->
